<?xml version="1.0" encoding="UTF-8"?>
<testsuite name="Add Product Test"
           tests="16"
           failures="0"
           errors="0"
           skipped="0"
           time="3.176">
  <properties />
  
  
            <testcase name="TC04_isSubmitSearchButtonEnabled" time="0.013" classname="com.testcase.Cart.Test_SearchAndAddItemToCart" />
                <testcase name="TC07_isDisplayedItemMatched" time="0.024" classname="com.testcase.Cart.Test_SearchAndAddItemToCart" />
                <testcase name="TC13_isMessageDispayedAsRequired" time="0.026" classname="com.testcase.Cart.Test_SearchAndAddItemToCart" />
                <testcase name="TC11_AddItemToCart" time="0.032" classname="com.testcase.Cart.Test_SearchAndAddItemToCart" />
                <testcase name="TC14_isViewCartDisplayed" time="0.023" classname="com.testcase.Cart.Test_SearchAndAddItemToCart" />
                <testcase name="TC15_isViewCartClickable" time="0.014" classname="com.testcase.Cart.Test_SearchAndAddItemToCart" />
                <testcase name="TC16_isTheItemInCart" time="0.748" classname="com.testcase.Cart.Test_SearchAndAddItemToCart" />
                <testcase name="TC09_isAddToCartIconDisplayed" time="0.017" classname="com.testcase.Cart.Test_SearchAndAddItemToCart" />
                <testcase name="TC03_isSubmitSearchButtonDisplayed" time="0.034" classname="com.testcase.Cart.Test_SearchAndAddItemToCart" />
                <testcase name="TC05_performSearchItem" time="2.091" classname="com.testcase.Cart.Test_SearchAndAddItemToCart" />
                <testcase name="TC10_isAddToCartIconEnabled" time="0.011" classname="com.testcase.Cart.Test_SearchAndAddItemToCart" />
                <testcase name="TC01_isSearchTextboxDisplayed" time="0.021" classname="com.testcase.Cart.Test_SearchAndAddItemToCart" />
                <testcase name="TC08_isInfomationOfItemDisplayed" time="0.046" classname="com.testcase.Cart.Test_SearchAndAddItemToCart" />
                <testcase name="TC06_isSearchFunctionPerformed" time="0.048" classname="com.testcase.Cart.Test_SearchAndAddItemToCart" />
                <testcase name="TC12_isMessageDisplayed" time="0.012" classname="com.testcase.Cart.Test_SearchAndAddItemToCart" />
                <testcase name="TC02_isSearchTextBoxEnabled" time="0.016" classname="com.testcase.Cart.Test_SearchAndAddItemToCart" />
      
</testsuite>
